<?xml version="1.0" encoding="UTF-8"?>
<!-- Generated by org.testng.reporters.JUnitReportReporter -->
<testsuite hostname="DESKTOP-0OUBQ08" failures="0" tests="1" name="com.webapp.test.LoginTest" time="0.005" errors="0" timestamp="2025-06-20T17:21:28 IST" skipped="0">
  <testcase classname="com.webapp.test.LoginTest" name="setBrowser" time="0.005"/>
</testsuite> <!-- com.webapp.test.LoginTest -->
