<?xml version="1.0" encoding="UTF-8"?>
<!-- Generated by org.testng.reporters.JUnitReportReporter -->
<testsuite hostname="DESKTOP-0OUBQ08" failures="0" tests="1" name="com.webapp.test.RegistrationTest" time="0.020" errors="0" timestamp="2025-06-20T17:21:28 IST" skipped="0">
  <testcase classname="com.webapp.test.RegistrationTest" name="getRegistrationPage" time="0.020"/>
</testsuite> <!-- com.webapp.test.RegistrationTest -->
