<?xml version="1.0" encoding="UTF-8"?>
<!-- Generated by org.testng.reporters.JUnitReportReporter -->
<testsuite hostname="DESKTOP-0OUBQ08" failures="0" tests="1" name="com.webapp.test.UITest" time="8.975" errors="0" timestamp="2025-06-20T23:44:12 IST" skipped="0">
  <testcase classname="com.webapp.test.UITest" name="startBrowser" time="8.975"/>
</testsuite> <!-- com.webapp.test.UITest -->
